<?xml version="1.0" encoding="UTF-8"?>
<!-- Generated by org.testng.reporters.JUnitReportReporter -->
<testsuite hostname="Ashutoshs-MacBook-Air.local" failures="0" tests="1" name="GETAPIs.GETAPIRequestTest" time="2.146" errors="0" timestamp="2023-08-17T22:55:03 IST" skipped="0">
  <testcase classname="GETAPIs.GETAPIRequestTest" name="getUserAPITest" time="2.146"/>
</testsuite> <!-- GETAPIs.GETAPIRequestTest -->
