<?xml version="1.0" encoding="UTF-8"?>
<!-- Generated by org.testng.reporters.JUnitReportReporter -->
<testsuite hostname="Ashutoshs-MacBook-Air.local" failures="0" tests="1" name="GETAPIs.GETAPIRequestWithBDD" time="5.704" errors="0" timestamp="2023-08-19T22:06:44 IST" skipped="0">
  <testcase classname="GETAPIs.GETAPIRequestWithBDD" name="getUserAPITest" time="5.704"/>
</testsuite> <!-- GETAPIs.GETAPIRequestWithBDD -->
